test_sparse: Wed Jun 17 12:15:38 PDT 2015: started on tegra_defconfig test_v4.1-rc8 (0f57d86787d8b1076ea8f9cbdddda2a46d534a27)
test_sparse: Wed Jun 17 12:15:38 PDT 2015: serial is 20150617120102
test_sparse: sparse version unknown (checksum d41d8cd98f00b204e9800998ecf8427e)
/bin/sh: 1: sparse: not found
make[2]: *** [scripts/mod/empty.o] Error 127
make[2]: *** Waiting for unfinished jobs....
make[1]: *** [scripts/mod] Error 2
make[1]: *** Waiting for unfinished jobs....
make: *** [scripts] Error 2
make: *** Waiting for unfinished jobs....
test_sparse: Wed Jun 17 12:15:43 PDT 2015: FAILED on tegra_defconfig test_v4.1-rc8
test_sparse: Wed Jun 17 12:15:43 PDT 2015: ended on tegra_defconfig test_v4.1-rc8
