test_sparse: Mon Mar 2 14:12:23 PST 2015: started on defconfig test_v4.0-rc1 (c517d838eb7d07bbe9507871fab3931deccff539)
test_sparse: Mon Mar 2 14:12:23 PST 2015: serial is 20150302140612
test_sparse: sparse version unknown (checksum d41d8cd98f00b204e9800998ecf8427e)
make: /home/pwalmsley/prod_build/build/toolchains/gcc-linaro-aarch64-linux-gnu-4.9-2014.09_linux/bin/aarch64-linux-gnu-gcc: Command not found
make: /home/pwalmsley/prod_build/build/toolchains/gcc-linaro-aarch64-linux-gnu-4.9-2014.09_linux/bin/aarch64-linux-gnu-gcc: Command not found
/bin/sh: 1: /home/pwalmsley/prod_build/build/toolchains/gcc-linaro-aarch64-linux-gnu-4.9-2014.09_linux/bin/aarch64-linux-gnu-gcc: not found
make[1]: *** [kernel/bounds.s] Error 127
make: *** [prepare0] Error 2
make: *** Waiting for unfinished jobs....
/bin/sh: 1: /home/pwalmsley/prod_build/build/toolchains/gcc-linaro-aarch64-linux-gnu-4.9-2014.09_linux/bin/aarch64-linux-gnu-gcc: not found
make[2]: *** [scripts/mod/empty.o] Error 127
make[1]: *** [scripts/mod] Error 2
make[1]: *** Waiting for unfinished jobs....
make: *** [scripts] Error 2
test_sparse: Mon Mar 2 14:12:26 PST 2015: FAILED on defconfig test_v4.0-rc1
test_sparse: Mon Mar 2 14:12:26 PST 2015: ended on defconfig test_v4.0-rc1
