test_sparse: Sun Aug 16 17:03:14 PDT 2015: started on tegra_defconfig test_v4.2-rc7 (2c6625cd545bdd66acff14f3394865d43920a5c7)
test_sparse: Sun Aug 16 17:03:14 PDT 2015: serial is 20150816170102
test_sparse: sparse version unknown (checksum d41d8cd98f00b204e9800998ecf8427e)
/bin/sh: 1: sparse: not found
make[2]: *** [scripts/mod/empty.o] Error 127
make[2]: *** Waiting for unfinished jobs....
make[1]: *** [scripts/mod] Error 2
make[1]: *** Waiting for unfinished jobs....
make: *** [scripts] Error 2
make: *** Waiting for unfinished jobs....
test_sparse: Sun Aug 16 17:03:23 PDT 2015: FAILED on tegra_defconfig test_v4.2-rc7
test_sparse: Sun Aug 16 17:03:23 PDT 2015: ended on tegra_defconfig test_v4.2-rc7
