test_build: Mon Mar 2 14:40:28 PST 2015: started on arm/rtsm_ve-aemv8a.dtb test_v4.0-rc1 (c517d838eb7d07bbe9507871fab3931deccff539)
test_build: Mon Mar 2 14:40:28 PST 2015: serial is 20150302143734
make: /home/pwalmsley/prod_build/build/toolchains/gcc-linaro-aarch64-linux-gnu-4.9-2014.09_linux/bin/aarch64-linux-gnu-gcc: Command not found
/bin/sh: 1: /home/pwalmsley/prod_build/build/toolchains/gcc-linaro-aarch64-linux-gnu-4.9-2014.09_linux/bin/aarch64-linux-gnu-gcc: not found
make[2]: *** [scripts/mod/empty.o] Error 127
make[1]: *** [scripts/mod] Error 2
make: *** [scripts] Error 2
test_build: Mon Mar 2 14:40:29 PST 2015: FAILED on arm/rtsm_ve-aemv8a.dtb test_v4.0-rc1
test_build: Mon Mar 2 14:40:29 PST 2015: ended on arm/rtsm_ve-aemv8a.dtb test_v4.0-rc1
