test_sparse: Mon Nov 4 10:55:00 PST 2013: started on tegra_defconfig test_v3.11.7 (test_v3.11.7)
test_sparse: Mon Nov 4 10:55:00 PST 2013: serial is 20131104105326
test_sparse: sparse version unknown (checksum d41d8cd98f00b204e9800998ecf8427e)
/bin/sh: 1: sparse: not found
make[2]: *** [scripts/mod/empty.o] Error 127
make[1]: *** [scripts/mod] Error 2
make[1]: *** Waiting for unfinished jobs....
make: *** [scripts] Error 2
make: *** Waiting for unfinished jobs....
test_sparse: Mon Nov 4 10:55:04 PST 2013: FAILED on tegra_defconfig test_v3.11.7
test_sparse: Mon Nov 4 10:55:04 PST 2013: ended on tegra_defconfig test_v3.11.7
