test_sparse: Mon May 18 10:34:12 PDT 2015: started on tegra_defconfig test_v4.1-rc4 (e26081808edadfd257c6c9d81014e3b25e9a6118)
test_sparse: Mon May 18 10:34:12 PDT 2015: serial is 20150518103104
test_sparse: sparse version unknown (checksum d41d8cd98f00b204e9800998ecf8427e)
/bin/sh: 1: sparse: not found
make[2]: *** [scripts/mod/empty.o] Error 127
make[2]: *** Waiting for unfinished jobs....
make[1]: *** [scripts/mod] Error 2
make[1]: *** Waiting for unfinished jobs....
make: *** [scripts] Error 2
make: *** Waiting for unfinished jobs....
test_sparse: Mon May 18 10:34:34 PDT 2015: FAILED on tegra_defconfig test_v4.1-rc4
test_sparse: Mon May 18 10:34:34 PDT 2015: ended on tegra_defconfig test_v4.1-rc4
