test_build: Sat Sep 16 16:35:44 PDT 2017: started on tegra_defconfig test_v4.14-rc1 (2bd6bf03f4c1c59381d62c61d03f6cc3fe71f66e)
test_build: Sat Sep 16 16:35:44 PDT 2017: serial is 20170916163103
In file included from drivers/gpu/drm/tegra/trace.h:68:0,
                 from drivers/gpu/drm/tegra/trace.c:2:
./include/trace/define_trace.h:88:43: fatal error: ./trace.h: No such file or directory
compilation terminated.
make[4]: *** [drivers/gpu/drm/tegra/trace.o] Error 1
make[4]: *** Waiting for unfinished jobs....
make[3]: *** [drivers/gpu/drm/tegra] Error 2
make[2]: *** [drivers/gpu/drm] Error 2
make[2]: *** Waiting for unfinished jobs....
make[1]: *** [drivers/gpu] Error 2
make: *** [drivers] Error 2
make: *** Waiting for unfinished jobs....
test_build: Sat Sep 16 16:38:03 PDT 2017: FAILED on tegra_defconfig test_v4.14-rc1
test_build: Sat Sep 16 16:38:03 PDT 2017: ended on tegra_defconfig test_v4.14-rc1
