test_sparse: Tue Jun 23 18:03:18 PDT 2015: started on tegra_defconfig test_v4.1 (b953c0d234bc72e8489d3bf51a276c5c4ec85345)
test_sparse: Tue Jun 23 18:03:18 PDT 2015: serial is 20150623180103
test_sparse: sparse version unknown (checksum d41d8cd98f00b204e9800998ecf8427e)
/bin/sh: 1: sparse: not found
make[2]: *** [scripts/mod/empty.o] Error 127
make[2]: *** Waiting for unfinished jobs....
make[1]: *** [scripts/mod] Error 2
make[1]: *** Waiting for unfinished jobs....
make: *** [scripts] Error 2
make: *** Waiting for unfinished jobs....
test_sparse: Tue Jun 23 18:03:23 PDT 2015: FAILED on tegra_defconfig test_v4.1
test_sparse: Tue Jun 23 18:03:23 PDT 2015: ended on tegra_defconfig test_v4.1
