test_sparse: Sun May 24 18:33:37 PDT 2015: started on tegra_defconfig test_v4.1-rc5 (ba155e2d21f6bf05de86a78dbe5bfd8757604a65)
test_sparse: Sun May 24 18:33:37 PDT 2015: serial is 20150524183102
test_sparse: sparse version unknown (checksum d41d8cd98f00b204e9800998ecf8427e)
/bin/sh: 1: sparse: not found
make[2]: *** [scripts/mod/empty.o] Error 127
make[2]: *** Waiting for unfinished jobs....
make[1]: *** [scripts/mod] Error 2
make[1]: *** Waiting for unfinished jobs....
make: *** [scripts] Error 2
make: *** Waiting for unfinished jobs....
test_sparse: Sun May 24 18:34:01 PDT 2015: FAILED on tegra_defconfig test_v4.1-rc5
test_sparse: Sun May 24 18:34:01 PDT 2015: ended on tegra_defconfig test_v4.1-rc5
