test_sparse: Mon Apr 13 09:40:50 PDT 2015: started on multi_v7_defconfig test_v4.0-rc7 (f22e6e847115abc3a0e2ad7bb18d243d42275af1)
test_sparse: Mon Apr 13 09:40:50 PDT 2015: serial is 20150413093827
test_sparse: sparse version unknown (checksum d41d8cd98f00b204e9800998ecf8427e)
/bin/sh: 1: sparse: not found
make[2]: *** [scripts/mod/empty.o] Error 127
make[1]: *** [scripts/mod] Error 2
make[1]: *** Waiting for unfinished jobs....
make: *** [scripts] Error 2
test_sparse: Mon Apr 13 09:40:54 PDT 2015: FAILED on multi_v7_defconfig test_v4.0-rc7
test_sparse: Mon Apr 13 09:40:54 PDT 2015: ended on multi_v7_defconfig test_v4.0-rc7
