test_sparse: Sun Jul 19 15:03:19 PDT 2015: started on tegra_defconfig test_v4.2-rc3 (52721d9d3334c1cb1f76219a161084094ec634dc)
test_sparse: Sun Jul 19 15:03:19 PDT 2015: serial is 20150719150102
test_sparse: sparse version unknown (checksum d41d8cd98f00b204e9800998ecf8427e)
/bin/sh: 1: sparse: not found
make[2]: *** [scripts/mod/empty.o] Error 127
make[2]: *** Waiting for unfinished jobs....
make[1]: *** [scripts/mod] Error 2
make[1]: *** Waiting for unfinished jobs....
make: *** [scripts] Error 2
make: *** Waiting for unfinished jobs....
test_sparse: Sun Jul 19 15:03:26 PDT 2015: FAILED on tegra_defconfig test_v4.2-rc3
test_sparse: Sun Jul 19 15:03:26 PDT 2015: ended on tegra_defconfig test_v4.2-rc3
