test_sparse: Sun Jun 7 20:33:38 PDT 2015: started on tegra_defconfig test_v4.1-rc7 (d4a4f75cd8f29cd9464a5a32e9224a91571d6649)
test_sparse: Sun Jun 7 20:33:38 PDT 2015: serial is 20150607203104
test_sparse: sparse version unknown (checksum d41d8cd98f00b204e9800998ecf8427e)
/bin/sh: 1: sparse: not found
make[2]: *** [scripts/mod/empty.o] Error 127
make[2]: *** Waiting for unfinished jobs....
make[1]: *** [scripts/mod] Error 2
make[1]: *** Waiting for unfinished jobs....
make: *** [scripts] Error 2
make: *** Waiting for unfinished jobs....
test_sparse: Sun Jun 7 20:33:42 PDT 2015: FAILED on tegra_defconfig test_v4.1-rc7
test_sparse: Sun Jun 7 20:33:42 PDT 2015: ended on tegra_defconfig test_v4.1-rc7
