test_sparse: Sun Apr 26 18:33:58 PDT 2015: started on defconfig test_v4.1-rc1 (b787f68c36d49bb1d9236f403813641efa74a031)
test_sparse: Sun Apr 26 18:33:58 PDT 2015: serial is 20150426183104
test_sparse: sparse version unknown (checksum d41d8cd98f00b204e9800998ecf8427e)
/bin/sh: 1: sparse: not found
make[2]: *** [scripts/mod/empty.o] Error 127
make[2]: *** Waiting for unfinished jobs....
make[1]: *** [scripts/mod] Error 2
make[1]: *** Waiting for unfinished jobs....
make: *** [scripts] Error 2
make: *** Waiting for unfinished jobs....
test_sparse: Sun Apr 26 18:34:01 PDT 2015: FAILED on defconfig test_v4.1-rc1
test_sparse: Sun Apr 26 18:34:01 PDT 2015: ended on defconfig test_v4.1-rc1
