test_build: Sun Sep 24 17:03:08 PDT 2017: started on tegra_defconfig test_v4.14-rc2 (e19b205be43d11bff638cad4487008c48d21c103)
test_build: Sun Sep 24 17:03:08 PDT 2017: serial is 20170924170104
In file included from drivers/gpu/drm/tegra/trace.h:68:0,
                 from drivers/gpu/drm/tegra/trace.c:2:
./include/trace/define_trace.h:88:43: fatal error: ./trace.h: No such file or directory
compilation terminated.
make[4]: *** [drivers/gpu/drm/tegra/trace.o] Error 1
make[4]: *** Waiting for unfinished jobs....
make[3]: *** [drivers/gpu/drm/tegra] Error 2
make[2]: *** [drivers/gpu/drm] Error 2
make[1]: *** [drivers/gpu] Error 2
make[1]: *** Waiting for unfinished jobs....
make: *** [drivers] Error 2
make: *** Waiting for unfinished jobs....
test_build: Sun Sep 24 17:05:37 PDT 2017: FAILED on tegra_defconfig test_v4.14-rc2
test_build: Sun Sep 24 17:05:37 PDT 2017: ended on tegra_defconfig test_v4.14-rc2
