test_sparse: Sun Aug 9 13:33:18 PDT 2015: started on tegra_defconfig test_v4.2-rc6 (f7644cbfcdf03528f0f450f3940c4985b2291f49)
test_sparse: Sun Aug 9 13:33:18 PDT 2015: serial is 20150809133102
test_sparse: sparse version unknown (checksum d41d8cd98f00b204e9800998ecf8427e)
/bin/sh: 1: sparse: not found
make[2]: *** [scripts/mod/empty.o] Error 127
make[1]: *** [scripts/mod] Error 2
make[1]: *** Waiting for unfinished jobs....
make: *** [scripts] Error 2
test_sparse: Sun Aug 9 13:33:24 PDT 2015: FAILED on tegra_defconfig test_v4.2-rc6
test_sparse: Sun Aug 9 13:33:24 PDT 2015: ended on tegra_defconfig test_v4.2-rc6
