test_sparse: Sat Oct 19 23:40:57 PDT 2013: started on tegra_defconfig test_v3.11.6 (50704410d0141be55c8be5c330dae9fe5186b6c0)
test_sparse: Sat Oct 19 23:40:57 PDT 2013: serial is 20131019233852
test_sparse: sparse version unknown (checksum d41d8cd98f00b204e9800998ecf8427e)
/bin/sh: 1: sparse: not found
make[2]: *** [scripts/mod/empty.o] Error 127
make[1]: *** [scripts/mod] Error 2
make[1]: *** Waiting for unfinished jobs....
make: *** [scripts] Error 2
make: *** Waiting for unfinished jobs....
test_sparse: Sat Oct 19 23:41:03 PDT 2013: FAILED on tegra_defconfig test_v3.11.6
test_sparse: Sat Oct 19 23:41:03 PDT 2013: ended on tegra_defconfig test_v3.11.6
