test_sparse: Sun Mar 22 23:44:25 PDT 2015: started on tegra_defconfig test_v4.0-rc5 (bc465aa9d045feb0e13b4a8f32cc33c1943f62d6)
test_sparse: Sun Mar 22 23:44:25 PDT 2015: serial is 20150322234204
test_sparse: sparse version unknown (checksum d41d8cd98f00b204e9800998ecf8427e)
/bin/sh: 1: sparse: not found
make[2]: *** [scripts/mod/empty.o] Error 127
make[1]: *** [scripts/mod] Error 2
make[1]: *** Waiting for unfinished jobs....
make: *** [scripts] Error 2
make: *** Waiting for unfinished jobs....
test_sparse: Sun Mar 22 23:44:28 PDT 2015: FAILED on tegra_defconfig test_v4.0-rc5
test_sparse: Sun Mar 22 23:44:28 PDT 2015: ended on tegra_defconfig test_v4.0-rc5
