test_sparse: Sat Oct 19 23:27:47 PDT 2013: started on tegra_defconfig test_v3.12-rc6 (31d141e3a666269a3b6fcccddb0351caf7454240)
test_sparse: Sat Oct 19 23:27:47 PDT 2013: serial is 20131019232523
test_sparse: sparse version unknown (checksum d41d8cd98f00b204e9800998ecf8427e)
/bin/sh: 1: sparse: not found
make[2]: *** [scripts/mod/empty.o] Error 127
make[1]: *** [scripts/mod] Error 2
make[1]: *** Waiting for unfinished jobs....
make: *** [scripts] Error 2
make: *** Waiting for unfinished jobs....
test_sparse: Sat Oct 19 23:27:51 PDT 2013: FAILED on tegra_defconfig test_v3.12-rc6
test_sparse: Sat Oct 19 23:27:51 PDT 2013: ended on tegra_defconfig test_v3.12-rc6
